# JRE version: OpenJDK Runtime Environment Temurin-17.0.1+12 (17.0.1+12) (build 17.0.1+12)
# Java VM: OpenJDK 64-Bit Server VM Temurin-17.0.1+12 (17.0.1+12, mixed mode, emulated-client, tiered, compressed oops, compressed class ptrs, g1 gc, windows-amd64)
GC Precious Log:
 CPUs: 2 total, 2 available
 Memory: 12287M
 Large Page Support: Disabled
 NUMA Support: Disabled
 Compressed Oops: Enabled (Zero based)
 Heap Region Size: 2M
 Heap Min Capacity: 8M
 Heap Initial Capacity: 192M
 Heap Max Capacity: 3G
 Pre-touch: Disabled
 Parallel Workers: 2
 Concurrent Workers: 1
 Concurrent Refinement Workers: 2
 Periodic GC: Disabled
Heap:
 garbage-first heap   total 69632K, used 25315K [0x0000000740000000, 0x0000000800000000)
  region size 2048K, 1 young (2048K), 1 survivors (2048K)
 Metaspace       used 68738K, committed 69888K, reserved 1114112K
  class space    used 9172K, committed 9536K, reserved 1048576K
GC Heap History (20 events):
Event: 555.199 GC heap after
{Heap after GC invocations=53 (full 7):
 garbage-first heap   total 106496K, used 27497K [0x0000000740000000, 0x0000000800000000)
  region size 2048K, 3 young (6144K), 3 survivors (6144K)
 Metaspace       used 69146K, committed 69824K, reserved 1114112K
  class space    used 9200K, committed 9536K, reserved 1048576K
}
Event: 717.129 GC heap before
{Heap before GC invocations=53 (full 7):
 garbage-first heap   total 106496K, used 35689K [0x0000000740000000, 0x0000000800000000)
  region size 2048K, 8 young (16384K), 3 survivors (6144K)
 Metaspace       used 69148K, committed 69824K, reserved 1114112K
  class space    used 9200K, committed 9536K, reserved 1048576K
}
Event: 717.194 GC heap after
{Heap after GC invocations=54 (full 8):
 garbage-first heap   total 69632K, used 19273K [0x0000000740000000, 0x0000000800000000)
  region size 2048K, 0 young (0K), 0 survivors (0K)
 Metaspace       used 68504K, committed 69568K, reserved 1114112K
  class space    used 9144K, committed 9536K, reserved 1048576K
}
Event: 717.660 GC heap before
{Heap before GC invocations=54 (full 8):
 garbage-first heap   total 69632K, used 52041K [0x0000000740000000, 0x0000000800000000)
  region size 2048K, 17 young (34816K), 0 survivors (0K)
 Metaspace       used 68698K, committed 69568K, reserved 1114112K
  class space    used 9172K, committed 9536K, reserved 1048576K
}
Event: 717.667 GC heap after
{Heap after GC invocations=55 (full 8):
 garbage-first heap   total 69632K, used 23102K [0x0000000740000000, 0x0000000800000000)
  region size 2048K, 2 young (4096K), 2 survivors (4096K)
 Metaspace       used 68698K, committed 69568K, reserved 1114112K
  class space    used 9172K, committed 9536K, reserved 1048576K
}
Event: 717.675 GC heap before
{Heap before GC invocations=55 (full 8):
 garbage-first heap   total 69632K, used 51774K [0x0000000740000000, 0x0000000800000000)
  region size 2048K, 17 young (34816K), 2 survivors (4096K)
 Metaspace       used 68698K, committed 69568K, reserved 1114112K
  class space    used 9172K, committed 9536K, reserved 1048576K
}
Event: 717.679 GC heap after
{Heap after GC invocations=56 (full 8):
 garbage-first heap   total 69632K, used 23099K [0x0000000740000000, 0x0000000800000000)
  region size 2048K, 1 young (2048K), 1 survivors (2048K)
 Metaspace       used 68698K, committed 69568K, reserved 1114112K
  class space    used 9172K, committed 9536K, reserved 1048576K
}
Event: 718.027 GC heap before
{Heap before GC invocations=56 (full 8):
 garbage-first heap   total 69632K, used 51771K [0x0000000740000000, 0x0000000800000000)
  region size 2048K, 15 young (30720K), 1 survivors (2048K)
 Metaspace       used 68770K, committed 69568K, reserved 1114112K
  class space    used 9178K, committed 9536K, reserved 1048576K
}
Event: 718.030 GC heap after
{Heap after GC invocations=57 (full 8):
 garbage-first heap   total 69632K, used 23766K [0x0000000740000000, 0x0000000800000000)
  region size 2048K, 1 young (2048K), 1 survivors (2048K)
 Metaspace       used 68770K, committed 69568K, reserved 1114112K
  class space    used 9178K, committed 9536K, reserved 1048576K
}
Event: 718.162 GC heap before
{Heap before GC invocations=57 (full 8):
 garbage-first heap   total 69632K, used 54486K [0x0000000740000000, 0x0000000800000000)
  region size 2048K, 16 young (32768K), 1 survivors (2048K)
 Metaspace       used 69015K, committed 69696K, reserved 1114112K
  class space    used 9195K, committed 9536K, reserved 1048576K
}
Event: 718.167 GC heap after
{Heap after GC invocations=58 (full 8):
 garbage-first heap   total 69632K, used 25191K [0x0000000740000000, 0x0000000800000000)
  region size 2048K, 2 young (4096K), 2 survivors (4096K)
 Metaspace       used 69015K, committed 69696K, reserved 1114112K
  class space    used 9195K, committed 9536K, reserved 1048576K
}
Event: 718.402 GC heap before
{Heap before GC invocations=58 (full 8):
 garbage-first heap   total 69632K, used 53863K [0x0000000740000000, 0x0000000800000000)
  region size 2048K, 16 young (32768K), 2 survivors (4096K)
 Metaspace       used 69159K, committed 69824K, reserved 1114112K
  class space    used 9208K, committed 9536K, reserved 1048576K
}
Event: 718.411 GC heap after
{Heap after GC invocations=59 (full 8):
 garbage-first heap   total 69632K, used 27649K [0x0000000740000000, 0x0000000800000000)
  region size 2048K, 2 young (4096K), 2 survivors (4096K)
 Metaspace       used 69159K, committed 69824K, reserved 1114112K
  class space    used 9208K, committed 9536K, reserved 1048576K
}
Event: 744.871 GC heap before
{Heap before GC invocations=59 (full 8):
 garbage-first heap   total 69632K, used 31745K [0x0000000740000000, 0x0000000800000000)
  region size 2048K, 5 young (10240K), 2 survivors (4096K)
 Metaspace       used 69197K, committed 69888K, reserved 1114112K
  class space    used 9216K, committed 9536K, reserved 1048576K
}
Event: 744.938 GC heap after
{Heap after GC invocations=60 (full 9):
 garbage-first heap   total 69632K, used 22244K [0x0000000740000000, 0x0000000800000000)
  region size 2048K, 0 young (0K), 0 survivors (0K)
 Metaspace       used 68538K, committed 69888K, reserved 1114112K
  class space    used 9151K, committed 9536K, reserved 1048576K
}
Event: 745.884 GC heap before
{Heap before GC invocations=60 (full 9):
 garbage-first heap   total 69632K, used 50916K [0x0000000740000000, 0x0000000800000000)
  region size 2048K, 15 young (30720K), 0 survivors (0K)
 Metaspace       used 68680K, committed 69888K, reserved 1114112K
  class space    used 9166K, committed 9536K, reserved 1048576K
}
Event: 745.888 GC heap after
{Heap after GC invocations=61 (full 9):
 garbage-first heap   total 69632K, used 25002K [0x0000000740000000, 0x0000000800000000)
  region size 2048K, 2 young (4096K), 2 survivors (4096K)
 Metaspace       used 68680K, committed 69888K, reserved 1114112K
  class space    used 9166K, committed 9536K, reserved 1048576K
}
Event: 745.895 GC heap before
{Heap before GC invocations=61 (full 9):
 garbage-first heap   total 69632K, used 49578K [0x0000000740000000, 0x0000000800000000)
  region size 2048K, 15 young (30720K), 2 survivors (4096K)
 Metaspace       used 68680K, committed 69888K, reserved 1114112K
  class space    used 9166K, committed 9536K, reserved 1048576K
}
Event: 745.899 GC heap after
{Heap after GC invocations=62 (full 9):
 garbage-first heap   total 69632K, used 24582K [0x0000000740000000, 0x0000000800000000)
  region size 2048K, 1 young (2048K), 1 survivors (2048K)
 Metaspace       used 68680K, committed 69888K, reserved 1114112K
  class space    used 9166K, committed 9536K, reserved 1048576K
}
Event: 746.066 GC heap before
{Heap before GC invocations=62 (full 9):
 garbage-first heap   total 69632K, used 49158K [0x0000000740000000, 0x0000000800000000)
  region size 2048K, 14 young (28672K), 1 survivors (2048K)
 Metaspace       used 68738K, committed 69888K, reserved 1114112K
  class space    used 9172K, committed 9536K, reserved 1048576K
}

